2026-06-18T09:15:31.225Z uncaughtException: Error: listen EADDRINUSE: address already in use :::3456
    at Server.setupListenHandle [as _listen2] (node:net:1939:16)
    at listenInCluster (node:net:1996:12)
    at Server.listen (node:net:2101:7)
    at Function.listen (E:\GitHub\wa-ab\node_modules\express\lib\application.js:635:24)
    at Object.<anonymous> (E:\GitHub\wa-ab\server.js:934:5)
    at Module._compile (node:internal/modules/cjs/loader:1730:14)
    at Object..js (node:internal/modules/cjs/loader:1895:10)
    at Module.load (node:internal/modules/cjs/loader:1465:32)
    at Function._load (node:internal/modules/cjs/loader:1282:12)
    at TracingChannel.traceSync (node:diagnostics_channel:322:14)
2026-06-18T09:30:55.556Z uncaughtException: Error: listen EADDRINUSE: address already in use :::3456
    at Server.setupListenHandle [as _listen2] (node:net:1939:16)
    at listenInCluster (node:net:1996:12)
    at Server.listen (node:net:2101:7)
    at Function.listen (E:\GitHub\wa-ab\node_modules\express\lib\application.js:635:24)
    at Object.<anonymous> (E:\GitHub\wa-ab\server.js:934:5)
    at Module._compile (node:internal/modules/cjs/loader:1730:14)
    at Object..js (node:internal/modules/cjs/loader:1895:10)
    at Module.load (node:internal/modules/cjs/loader:1465:32)
    at Function._load (node:internal/modules/cjs/loader:1282:12)
    at TracingChannel.traceSync (node:diagnostics_channel:322:14)
2026-06-18T10:51:05.665Z uncaughtException: Error: listen EADDRINUSE: address already in use :::3456
    at Server.setupListenHandle [as _listen2] (node:net:1939:16)
    at listenInCluster (node:net:1996:12)
    at Server.listen (node:net:2101:7)
    at Function.listen (E:\GitHub\wa-ab\node_modules\express\lib\application.js:635:24)
    at Object.<anonymous> (E:\GitHub\wa-ab\server.js:939:5)
    at Module._compile (node:internal/modules/cjs/loader:1730:14)
    at Object..js (node:internal/modules/cjs/loader:1895:10)
    at Module.load (node:internal/modules/cjs/loader:1465:32)
    at Function._load (node:internal/modules/cjs/loader:1282:12)
    at TracingChannel.traceSync (node:diagnostics_channel:322:14)
